<?xml version="1.0" encoding="UTF-8"?>
<!-- Generated by org.testng.reporters.JUnitReportReporter -->
<testsuite hostname="DESKTOP-FK0ES2N" failures="0" tests="2" name="createContactTests.CreateContactTest" time="45.790" errors="0" timestamp="2026-04-16T14:39:47 IST" skipped="0">
  <testcase classname="createContactTests.CreateContactTest" name="createContact" time="25.840"/>
  <testcase classname="createContactTests.CreateContactTest" name="createContactWithOrg" time="19.950"/>
</testsuite> <!-- createContactTests.CreateContactTest -->
