<?xml version="1.0" encoding="UTF-8"?>
<!-- Generated by org.testng.reporters.JUnitReportReporter -->
<testsuite hostname="DESKTOP-FK0ES2N" failures="0" tests="2" name="createContactTests.CreateContactTest" time="65.451" errors="0" timestamp="2026-04-15T16:19:06 IST" skipped="0">
  <testcase classname="createContactTests.CreateContactTest" name="createContact" time="22.852"/>
  <testcase classname="createContactTests.CreateContactTest" name="createContactWithOrg" time="42.599"/>
</testsuite> <!-- createContactTests.CreateContactTest -->
