<?xml version="1.0" encoding="UTF-8"?>
<testng-results ignored="0" total="5" passed="5" failed="0" skipped="0">
  <reporter-output>
  </reporter-output>
  <suite started-at="2026-04-15T16:15:44 IST" name="Suite" finished-at="2026-04-15T16:19:05 IST" duration-ms="201512">
    <groups>
    </groups>
    <test started-at="2026-04-15T16:15:44 IST" name="Test" finished-at="2026-04-15T16:19:05 IST" duration-ms="201512">
      <class name="createContactTests.CreateContactTest">
        <test-method is-config="true" signature="launchBrowser()[pri:0, instance:createContactTests.CreateContactTest@3eb25e1a]" started-at="2026-04-15T16:15:44 IST" name="launchBrowser" finished-at="2026-04-15T16:15:46 IST" duration-ms="2682" status="PASS">
          <reporter-output>
          </reporter-output>
        </test-method> <!-- launchBrowser -->
        <test-method is-config="true" signature="loginToApplication()[pri:0, instance:createContactTests.CreateContactTest@3eb25e1a]" started-at="2026-04-15T16:15:46 IST" name="loginToApplication" finished-at="2026-04-15T16:15:51 IST" duration-ms="4488" status="PASS">
          <reporter-output>
          </reporter-output>
        </test-method> <!-- loginToApplication -->
        <test-method signature="createContact()[pri:0, instance:createContactTests.CreateContactTest@3eb25e1a]" started-at="2026-04-15T16:15:51 IST" name="createContact" finished-at="2026-04-15T16:16:04 IST" duration-ms="13318" status="PASS">
          <reporter-output>
          </reporter-output>
        </test-method> <!-- createContact -->
        <test-method is-config="true" signature="logoutFromApplication()[pri:0, instance:createContactTests.CreateContactTest@3eb25e1a]" started-at="2026-04-15T16:16:04 IST" name="logoutFromApplication" finished-at="2026-04-15T16:16:10 IST" duration-ms="5728" status="PASS">
          <reporter-output>
          </reporter-output>
        </test-method> <!-- logoutFromApplication -->
        <test-method is-config="true" signature="loginToApplication()[pri:0, instance:createContactTests.CreateContactTest@3eb25e1a]" started-at="2026-04-15T16:16:10 IST" name="loginToApplication" finished-at="2026-04-15T16:16:14 IST" duration-ms="3914" status="PASS">
          <reporter-output>
          </reporter-output>
        </test-method> <!-- loginToApplication -->
        <test-method signature="createContactWithOrg()[pri:0, instance:createContactTests.CreateContactTest@3eb25e1a]" started-at="2026-04-15T16:16:14 IST" name="createContactWithOrg" finished-at="2026-04-15T16:16:46 IST" duration-ms="32383" status="PASS">
          <reporter-output>
          </reporter-output>
        </test-method> <!-- createContactWithOrg -->
        <test-method is-config="true" signature="logoutFromApplication()[pri:0, instance:createContactTests.CreateContactTest@3eb25e1a]" started-at="2026-04-15T16:16:46 IST" name="logoutFromApplication" finished-at="2026-04-15T16:16:52 IST" duration-ms="5620" status="PASS">
          <reporter-output>
          </reporter-output>
        </test-method> <!-- logoutFromApplication -->
        <test-method is-config="true" signature="closeBrowser()[pri:0, instance:createContactTests.CreateContactTest@3eb25e1a]" started-at="2026-04-15T16:16:52 IST" name="closeBrowser" finished-at="2026-04-15T16:16:52 IST" duration-ms="151" status="PASS">
          <reporter-output>
          </reporter-output>
        </test-method> <!-- closeBrowser -->
      </class> <!-- createContactTests.CreateContactTest -->
      <class name="CreateOtgModuleTest.CreateOrganizationTest">
        <test-method is-config="true" signature="launchBrowser()[pri:0, instance:CreateOtgModuleTest.CreateOrganizationTest@6f03482]" started-at="2026-04-15T16:16:52 IST" name="launchBrowser" finished-at="2026-04-15T16:16:54 IST" duration-ms="1723" status="PASS">
          <reporter-output>
          </reporter-output>
        </test-method> <!-- launchBrowser -->
        <test-method is-config="true" signature="loginToApplication()[pri:0, instance:CreateOtgModuleTest.CreateOrganizationTest@6f03482]" started-at="2026-04-15T16:16:54 IST" name="loginToApplication" finished-at="2026-04-15T16:16:55 IST" duration-ms="1618" status="PASS">
          <reporter-output>
          </reporter-output>
        </test-method> <!-- loginToApplication -->
        <test-method signature="createOrg()[pri:0, instance:CreateOtgModuleTest.CreateOrganizationTest@6f03482]" started-at="2026-04-15T16:16:55 IST" name="createOrg" finished-at="2026-04-15T16:17:10 IST" duration-ms="14436" status="PASS">
          <reporter-output>
          </reporter-output>
        </test-method> <!-- createOrg -->
        <test-method is-config="true" signature="logoutFromApplication()[pri:0, instance:CreateOtgModuleTest.CreateOrganizationTest@6f03482]" started-at="2026-04-15T16:17:10 IST" name="logoutFromApplication" finished-at="2026-04-15T16:18:02 IST" duration-ms="52685" status="PASS">
          <reporter-output>
          </reporter-output>
        </test-method> <!-- logoutFromApplication -->
        <test-method is-config="true" signature="loginToApplication()[pri:0, instance:CreateOtgModuleTest.CreateOrganizationTest@6f03482]" started-at="2026-04-15T16:18:02 IST" name="loginToApplication" finished-at="2026-04-15T16:18:03 IST" duration-ms="897" status="PASS">
          <reporter-output>
          </reporter-output>
        </test-method> <!-- loginToApplication -->
        <test-method signature="createOrgWithIndustryandType()[pri:0, instance:CreateOtgModuleTest.CreateOrganizationTest@6f03482]" started-at="2026-04-15T16:18:03 IST" name="createOrgWithIndustryandType" finished-at="2026-04-15T16:18:21 IST" duration-ms="17377" status="PASS">
          <reporter-output>
          </reporter-output>
        </test-method> <!-- createOrgWithIndustryandType -->
        <test-method is-config="true" signature="logoutFromApplication()[pri:0, instance:CreateOtgModuleTest.CreateOrganizationTest@6f03482]" started-at="2026-04-15T16:18:21 IST" name="logoutFromApplication" finished-at="2026-04-15T16:18:26 IST" duration-ms="5574" status="PASS">
          <reporter-output>
          </reporter-output>
        </test-method> <!-- logoutFromApplication -->
        <test-method is-config="true" signature="loginToApplication()[pri:0, instance:CreateOtgModuleTest.CreateOrganizationTest@6f03482]" started-at="2026-04-15T16:18:26 IST" name="loginToApplication" finished-at="2026-04-15T16:18:27 IST" duration-ms="819" status="PASS">
          <reporter-output>
          </reporter-output>
        </test-method> <!-- loginToApplication -->
        <test-method signature="createOrgWithPhone()[pri:0, instance:CreateOtgModuleTest.CreateOrganizationTest@6f03482]" started-at="2026-04-15T16:18:27 IST" name="createOrgWithPhone" finished-at="2026-04-15T16:18:41 IST" duration-ms="13530" status="PASS">
          <reporter-output>
          </reporter-output>
        </test-method> <!-- createOrgWithPhone -->
        <test-method is-config="true" signature="logoutFromApplication()[pri:0, instance:CreateOtgModuleTest.CreateOrganizationTest@6f03482]" started-at="2026-04-15T16:18:41 IST" name="logoutFromApplication" finished-at="2026-04-15T16:19:05 IST" duration-ms="24437" status="FAIL">
          <exception class="org.openqa.selenium.StaleElementReferenceException">
            <message>
              <![CDATA[stale element reference: stale element not found
  (Session info: chrome=147.0.7727.55)
For documentation on this error, please visit: https://www.selenium.dev/documentation/webdriver/troubleshooting/errors#stale-element-reference-exception
Build info: version: '4.18.1', revision: 'b1d3319b48'
System info: os.name: 'Windows 10', os.arch: 'amd64', os.version: '10.0', java.version: '21.0.9'
Driver info: org.openqa.selenium.chrome.ChromeDriver
Command: [5621d17c282fcafcf2df81fc7efea634, clickElement {id=f.602D393602ED45B38700BA5670023021.d.4397544C6BB42E10C1FC0BD9A24A6A89.e.4875}]
Capabilities {acceptInsecureCerts: false, browserName: chrome, browserVersion: 147.0.7727.55, chrome: {chromedriverVersion: 147.0.7727.56 (b28eac7a1a97..., userDataDir: C:\Users\mchet\AppData\Loca...}, fedcm:accounts: true, goog:chromeOptions: {debuggerAddress: localhost:58717}, goog:processID: 18692, networkConnectionEnabled: false, pageLoadStrategy: normal, platformName: windows, proxy: Proxy(), se:cdp: ws://localhost:58717/devtoo..., se:cdpVersion: 147.0.7727.55, setWindowRect: true, strictFileInteractability: false, timeouts: {implicit: 0, pageLoad: 300000, script: 30000}, unhandledPromptBehavior: dismiss and notify, webauthn:extension:credBlob: true, webauthn:extension:largeBlob: true, webauthn:extension:minPinLength: true, webauthn:extension:prf: true, webauthn:virtualAuthenticators: true}
Element: [[ChromeDriver: chrome on windows (5621d17c282fcafcf2df81fc7efea634)] -> xpath: //a[text()='Sign Out']]
Session ID: 5621d17c282fcafcf2df81fc7efea634]]>
            </message>
            <full-stacktrace>
              <![CDATA[org.openqa.selenium.StaleElementReferenceException: stale element reference: stale element not found
  (Session info: chrome=147.0.7727.55)
For documentation on this error, please visit: https://www.selenium.dev/documentation/webdriver/troubleshooting/errors#stale-element-reference-exception
Build info: version: '4.18.1', revision: 'b1d3319b48'
System info: os.name: 'Windows 10', os.arch: 'amd64', os.version: '10.0', java.version: '21.0.9'
Driver info: org.openqa.selenium.chrome.ChromeDriver
Command: [5621d17c282fcafcf2df81fc7efea634, clickElement {id=f.602D393602ED45B38700BA5670023021.d.4397544C6BB42E10C1FC0BD9A24A6A89.e.4875}]
Capabilities {acceptInsecureCerts: false, browserName: chrome, browserVersion: 147.0.7727.55, chrome: {chromedriverVersion: 147.0.7727.56 (b28eac7a1a97..., userDataDir: C:\Users\mchet\AppData\Loca...}, fedcm:accounts: true, goog:chromeOptions: {debuggerAddress: localhost:58717}, goog:processID: 18692, networkConnectionEnabled: false, pageLoadStrategy: normal, platformName: windows, proxy: Proxy(), se:cdp: ws://localhost:58717/devtoo..., se:cdpVersion: 147.0.7727.55, setWindowRect: true, strictFileInteractability: false, timeouts: {implicit: 0, pageLoad: 300000, script: 30000}, unhandledPromptBehavior: dismiss and notify, webauthn:extension:credBlob: true, webauthn:extension:largeBlob: true, webauthn:extension:minPinLength: true, webauthn:extension:prf: true, webauthn:virtualAuthenticators: true}
Element: [[ChromeDriver: chrome on windows (5621d17c282fcafcf2df81fc7efea634)] -> xpath: //a[text()='Sign Out']]
Session ID: 5621d17c282fcafcf2df81fc7efea634
at java.base/jdk.internal.reflect.DirectConstructorHandleAccessor.newInstance(DirectConstructorHandleAccessor.java:62)
at java.base/java.lang.reflect.Constructor.newInstanceWithCaller(Constructor.java:502)
at java.base/java.lang.reflect.Constructor.newInstance(Constructor.java:486)
at org.openqa.selenium.remote.ErrorCodec.decode(ErrorCodec.java:167)
at org.openqa.selenium.remote.codec.w3c.W3CHttpResponseCodec.decode(W3CHttpResponseCodec.java:138)
at org.openqa.selenium.remote.codec.w3c.W3CHttpResponseCodec.decode(W3CHttpResponseCodec.java:50)
at org.openqa.selenium.remote.HttpCommandExecutor.execute(HttpCommandExecutor.java:190)
at org.openqa.selenium.remote.service.DriverCommandExecutor.invokeExecute(DriverCommandExecutor.java:216)
at org.openqa.selenium.remote.service.DriverCommandExecutor.execute(DriverCommandExecutor.java:174)
at org.openqa.selenium.remote.RemoteWebDriver.execute(RemoteWebDriver.java:519)
at org.openqa.selenium.remote.RemoteWebElement.execute(RemoteWebElement.java:223)
at org.openqa.selenium.remote.RemoteWebElement.click(RemoteWebElement.java:76)
at java.base/jdk.internal.reflect.DirectMethodHandleAccessor.invoke(DirectMethodHandleAccessor.java:103)
at java.base/java.lang.reflect.Method.invoke(Method.java:580)
at org.openqa.selenium.support.pagefactory.internal.LocatingElementHandler.invoke(LocatingElementHandler.java:51)
at jdk.proxy2/jdk.proxy2.$Proxy18.click(Unknown Source)
at com.comcast.crm.objectRepo.HomePage.signout(HomePage.java:44)
at com.comcast.crm.baseClassUtilities.BaseClassUtilities.logoutFromApplication(BaseClassUtilities.java:72)
at java.base/jdk.internal.reflect.DirectMethodHandleAccessor.invoke(DirectMethodHandleAccessor.java:103)
at java.base/java.lang.reflect.Method.invoke(Method.java:580)
at org.testng.internal.invokers.MethodInvocationHelper.invokeMethod(MethodInvocationHelper.java:139)
at org.testng.internal.invokers.MethodInvocationHelper.invokeMethodConsideringTimeout(MethodInvocationHelper.java:69)
at org.testng.internal.invokers.ConfigInvoker.invokeConfigurationMethod(ConfigInvoker.java:393)
at org.testng.internal.invokers.ConfigInvoker.invokeConfigurations(ConfigInvoker.java:326)
at org.testng.internal.invokers.TestInvoker.runConfigMethods(TestInvoker.java:810)
at org.testng.internal.invokers.TestInvoker.runAfterConfigurations(TestInvoker.java:779)
at org.testng.internal.invokers.TestInvoker.invokeMethod(TestInvoker.java:755)
at org.testng.internal.invokers.TestInvoker.invokeTestMethod(TestInvoker.java:228)
at org.testng.internal.invokers.MethodRunner.runInSequence(MethodRunner.java:63)
at org.testng.internal.invokers.TestInvoker$MethodInvocationAgent.invoke(TestInvoker.java:961)
at org.testng.internal.invokers.TestInvoker.invokeTestMethods(TestInvoker.java:201)
at org.testng.internal.invokers.TestMethodWorker.invokeTestMethods(TestMethodWorker.java:148)
at org.testng.internal.invokers.TestMethodWorker.run(TestMethodWorker.java:128)
at java.base/java.util.ArrayList.forEach(ArrayList.java:1596)
at org.testng.TestRunner.privateRun(TestRunner.java:819)
at org.testng.TestRunner.run(TestRunner.java:619)
at org.testng.SuiteRunner.runTest(SuiteRunner.java:443)
at org.testng.SuiteRunner.runSequentially(SuiteRunner.java:437)
at org.testng.SuiteRunner.privateRun(SuiteRunner.java:397)
at org.testng.SuiteRunner.run(SuiteRunner.java:336)
at org.testng.SuiteRunnerWorker.runSuite(SuiteRunnerWorker.java:52)
at org.testng.SuiteRunnerWorker.run(SuiteRunnerWorker.java:95)
at org.testng.TestNG.runSuitesSequentially(TestNG.java:1301)
at org.testng.TestNG.runSuitesLocally(TestNG.java:1228)
at org.testng.TestNG.runSuites(TestNG.java:1134)
at org.testng.TestNG.run(TestNG.java:1101)
at org.testng.remote.AbstractRemoteTestNG.run(AbstractRemoteTestNG.java:115)
at org.testng.remote.RemoteTestNG.initAndRun(RemoteTestNG.java:293)
at org.testng.remote.RemoteTestNG.main(RemoteTestNG.java:91)
]]>
            </full-stacktrace>
          </exception> <!-- org.openqa.selenium.StaleElementReferenceException -->
          <reporter-output>
          </reporter-output>
        </test-method> <!-- logoutFromApplication -->
        <test-method is-config="true" signature="closeBrowser()[pri:0, instance:CreateOtgModuleTest.CreateOrganizationTest@6f03482]" started-at="2026-04-15T16:19:05 IST" name="closeBrowser" finished-at="2026-04-15T16:19:05 IST" duration-ms="0" status="SKIP">
          <reporter-output>
          </reporter-output>
        </test-method> <!-- closeBrowser -->
      </class> <!-- CreateOtgModuleTest.CreateOrganizationTest -->
    </test> <!-- Test -->
  </suite> <!-- Suite -->
</testng-results>
