<?xml version="1.0" encoding="UTF-8"?>
<testng-results ignored="0" total="2" passed="2" failed="0" skipped="0">
  <reporter-output>
  </reporter-output>
  <suite started-at="2026-04-16T14:38:57 IST" name="Suite" finished-at="2026-04-16T14:39:46 IST" duration-ms="49042">
    <groups>
    </groups>
    <test started-at="2026-04-16T14:38:57 IST" name="Test" finished-at="2026-04-16T14:39:46 IST" duration-ms="49042">
      <class name="createContactTests.CreateContactTest">
        <test-method is-config="true" signature="launchBrowser()[pri:0, instance:createContactTests.CreateContactTest@6743e411]" started-at="2026-04-16T14:38:57 IST" name="launchBrowser" finished-at="2026-04-16T14:39:00 IST" duration-ms="2915" status="PASS">
          <reporter-output>
          </reporter-output>
        </test-method> <!-- launchBrowser -->
        <test-method is-config="true" signature="loginToApplication()[pri:0, instance:createContactTests.CreateContactTest@6743e411]" started-at="2026-04-16T14:39:00 IST" name="loginToApplication" finished-at="2026-04-16T14:39:04 IST" duration-ms="4031" status="PASS">
          <reporter-output>
          </reporter-output>
        </test-method> <!-- loginToApplication -->
        <test-method signature="createContact()[pri:0, instance:createContactTests.CreateContactTest@6743e411]" started-at="2026-04-16T14:39:04 IST" name="createContact" finished-at="2026-04-16T14:39:21 IST" duration-ms="16325" status="PASS">
          <reporter-output>
          </reporter-output>
        </test-method> <!-- createContact -->
        <test-method is-config="true" signature="logoutFromApplication()[pri:0, instance:createContactTests.CreateContactTest@6743e411]" started-at="2026-04-16T14:39:21 IST" name="logoutFromApplication" finished-at="2026-04-16T14:39:26 IST" duration-ms="5484" status="PASS">
          <reporter-output>
          </reporter-output>
        </test-method> <!-- logoutFromApplication -->
        <test-method is-config="true" signature="loginToApplication()[pri:0, instance:createContactTests.CreateContactTest@6743e411]" started-at="2026-04-16T14:39:26 IST" name="loginToApplication" finished-at="2026-04-16T14:39:29 IST" duration-ms="3130" status="PASS">
          <reporter-output>
          </reporter-output>
        </test-method> <!-- loginToApplication -->
        <test-method signature="createContactWithOrg()[pri:0, instance:createContactTests.CreateContactTest@6743e411]" started-at="2026-04-16T14:39:29 IST" name="createContactWithOrg" finished-at="2026-04-16T14:39:41 IST" duration-ms="11336" status="PASS">
          <reporter-output>
          </reporter-output>
        </test-method> <!-- createContactWithOrg -->
        <test-method is-config="true" signature="logoutFromApplication()[pri:0, instance:createContactTests.CreateContactTest@6743e411]" started-at="2026-04-16T14:39:41 IST" name="logoutFromApplication" finished-at="2026-04-16T14:39:46 IST" duration-ms="5484" status="PASS">
          <reporter-output>
          </reporter-output>
        </test-method> <!-- logoutFromApplication -->
        <test-method is-config="true" signature="closeBrowser()[pri:0, instance:createContactTests.CreateContactTest@6743e411]" started-at="2026-04-16T14:39:46 IST" name="closeBrowser" finished-at="2026-04-16T14:39:46 IST" duration-ms="205" status="PASS">
          <reporter-output>
          </reporter-output>
        </test-method> <!-- closeBrowser -->
      </class> <!-- createContactTests.CreateContactTest -->
    </test> <!-- Test -->
  </suite> <!-- Suite -->
</testng-results>
